1620557160739	geckodriver	INFO	Listening on 127.0.0.1:60082
1620557163691	mozrunner::runner	INFO	Running command: "C:\\Program Files (x86)\\Mozilla Firefox\\firefox.exe" "--marionette" "--headless" "-foreground" "-no-remote" "-profile" "C:\\Users\\Usuario\\AppData\\Local\\Temp\\rust_mozprofileYjKO5m"
*** You are running in headless mode.
1620557164388	Marionette	INFO	Marionette enabled
console.warn: SearchSettings: "get: No settings file exists, new profile?" (new Error("", "(unknown module)"))
1620557165794	Marionette	INFO	Listening on port 60091
1620557165863	Marionette	WARN	TLS certificate errors will be ignored for this session
Exiting due to channel error.
1620777090879	geckodriver	INFO	Listening on 127.0.0.1:53207
1620777093894	mozrunner::runner	INFO	Running command: "C:\\Program Files (x86)\\Mozilla Firefox\\firefox.exe" "--marionette" "--headless" "-foreground" "-no-remote" "-profile" "C:\\Users\\Usuario\\AppData\\Local\\Temp\\rust_mozprofile3QHKis"
*** You are running in headless mode.
1620777094717	Marionette	INFO	Marionette enabled
console.warn: SearchSettings: "get: No settings file exists, new profile?" (new Error("", "(unknown module)"))
1620777096432	Marionette	INFO	Listening on port 53217
1620777096546	Marionette	WARN	TLS certificate errors will be ignored for this session
Exiting due to channel error.
[Child 13880, IPC I/O Child] WARNING: pipe error: 232: file /builds/worker/checkouts/gecko/ipc/chromium/src/chrome/common/ipc_channel_win.cc:544
Exiting due to channel error.
Exiting due to channel error.
\\Users\\Usuario\\AppData\\Local\\Temp\\rust_mozprofileVCtNhI"
*** You are running in headless mode.
1620778332104	Marionette	INFO	Marionette enabled
console.warn: SearchSettings: "get: No settings file exists, new profile?" (new Error("", "(unknown module)"))
1620778333860	Marionette	INFO	Listening on port 54028
1620778334096	Marionette	WARN	TLS certificate errors will be ignored for this session
1620778921685	geckodriver	INFO	Listening on 127.0.0.1:54558
1620778924627	mozrunner::runner	INFO	Running command: "C:\\Program Files (x86)\\Mozilla Firefox\\firefox.exe" "--marionette" "--headless" "-foreground" "-no-remote" "-profile" "C:\\Users\\Usuario\\AppData\\Local\\Temp\\rust_mozprofile3fMq51"
*** You are running in headless mode.
1620778925352	Marionette	INFO	Marionette enabled
console.warn: SearchSettings: "get: No settings file exists, new profile?" (new Error("", "(unknown module)"))
1620778927287	Marionette	INFO	Listening on port 54566
1620778927768	Marionette	WARN	TLS certificate errors will be ignored for this session
JavaScript error: , line 0: NotFoundError: No such JSWindowActor 'MarionetteEvents'
Exiting due to channel error.
Exiting due to channel error.
20778979963	mozrunner::runner	INFO	Running command: "C:\\Program Files (x86)\\Mozilla Firefox\\firefox.exe" "--marionette" "--headless" "-foreground" "-no-remote" "-profile" "C:\\Users\\Usuario\\AppData\\Local\\Temp\\rust_mozprofileGFtPgr"
*** You are running in headless mode.
1620778980709	Marionette	INFO	Marionette enabled
console.warn: SearchSettings: "get: No settings file exists, new profile?" (new Error("", "(unknown module)"))
1620778982866	Marionette	INFO	Listening on port 54683
1620778983138	Marionette	WARN	TLS certificate errors will be ignored for this session
Exiting due to channel error.
